<?xml version="1.0" encoding="UTF-8"?>
<coverage generated="1463551096">
  <project timestamp="1463551096">
    <package name="CodingMatters\YOUtils">
      <file name="/var/www/projects/CodingMatters/YOUtils/src/Module.php">
        <class name="Module" namespace="CodingMatters\YOUtils">
          <metrics complexity="1" methods="1" coveredmethods="0" conditionals="0" coveredconditionals="0" statements="1" coveredstatements="0" elements="2" coveredelements="0"/>
        </class>
        <line num="32" type="method" name="__invoke" visibility="public" complexity="1" crap="2" count="0"/>
        <line num="34" type="stmt" count="0"/>
        <metrics loc="36" ncloc="12" classes="1" methods="1" coveredmethods="0" conditionals="0" coveredconditionals="0" statements="1" coveredstatements="0" elements="2" coveredelements="0"/>
      </file>
    </package>
    <metrics files="1" loc="36" ncloc="12" classes="1" methods="1" coveredmethods="0" conditionals="0" coveredconditionals="0" statements="1" coveredstatements="0" elements="2" coveredelements="0"/>
  </project>
</coverage>
